<?xml version="1.0" encoding="UTF-8"?>
<!-- Generated by org.testng.reporters.JUnitReportReporter -->
<testsuite hostname="DESKTOP-O9GM8A3" failures="0" tests="2" name="guiTests.EcommerceTestExcel" time="19.967" errors="0" timestamp="2024-10-20T16:24:40 IST" skipped="1">
  <testcase classname="guiTests.EcommerceTestExcel" name="ecommerceFashion_Test" time="19.967"/>
  <testcase classname="guiTests.EcommerceTestExcel" name="ecommerceElectronics_Test">
    <skipped/>
  </testcase> <!-- ecommerceElectronics_Test -->
</testsuite> <!-- guiTests.EcommerceTestExcel -->
