<?xml version="1.0" encoding="UTF-8"?>
<!-- Generated by org.testng.reporters.JUnitReportReporter -->
<testsuite hostname="DESKTOP-O9GM8A3" failures="0" tests="2" name="guiTests.EcommerceTestExcel" time="45.710" errors="0" timestamp="2024-10-02T20:39:16 IST" skipped="0">
  <testcase classname="guiTests.EcommerceTestExcel" name="ecommerceFashion_Test" time="24.927"/>
  <testcase classname="guiTests.EcommerceTestExcel" name="ecommerceFashion_Test" time="20.783"/>
</testsuite> <!-- guiTests.EcommerceTestExcel -->
