<?xml version="1.0" encoding="UTF-8"?>
<!-- Generated by org.testng.reporters.JUnitReportReporter -->
<testsuite hostname="DESKTOP-O9GM8A3" failures="0" tests="2" name="tests.api.PlaceAPITest" time="4.609" errors="0" timestamp="2024-10-27T15:33:39 IST" skipped="0">
  <testcase classname="tests.api.PlaceAPITest" name="test_PlaceID" time="4.352"/>
  <testcase classname="tests.api.PlaceAPITest" name="test_Status" time="0.257"/>
</testsuite> <!-- tests.api.PlaceAPITest -->
