<?xml version="1.0" encoding="UTF-8"?>
<!-- Generated by org.testng.reporters.JUnitReportReporter -->
<testsuite hostname="DESKTOP-O9GM8A3" failures="0" tests="2" name="tests.gui.EcommerceTestExcel" time="21.588" errors="0" timestamp="2024-10-27T16:22:56 IST" skipped="1">
  <testcase classname="tests.gui.EcommerceTestExcel" name="ecommerceFashion_Test" time="21.588"/>
  <testcase classname="tests.gui.EcommerceTestExcel" name="ecommerceElectronics_Test">
    <skipped/>
  </testcase> <!-- ecommerceElectronics_Test -->
</testsuite> <!-- tests.gui.EcommerceTestExcel -->
