<?xml version="1.0" encoding="UTF-8"?>
<!-- Generated by org.testng.reporters.JUnitReportReporter -->
<testsuite hostname="DESKTOP-O9GM8A3" failures="0" tests="2" name="apiTests.PlaceAPITest" time="5.626" errors="0" timestamp="2024-09-21T16:30:49 IST" skipped="0">
  <testcase classname="apiTests.PlaceAPITest" name="test_PlaceID" time="5.360"/>
  <testcase classname="apiTests.PlaceAPITest" name="test_Status" time="0.266"/>
</testsuite> <!-- apiTests.PlaceAPITest -->
